-------------------------------------------------------------------------------
Test set: es.profile.parameter.ApplicationWebIntegrationTests
-------------------------------------------------------------------------------
Tests run: 1, Failures: 0, Errors: 1, Skipped: 0, Time elapsed: 1.179 s <<< FAILURE! - in es.profile.parameter.ApplicationWebIntegrationTests
initializationError(es.profile.parameter.ApplicationWebIntegrationTests)  Time elapsed: 0.004 s  <<< ERROR!
java.lang.IllegalStateException: Unable to find a @SpringBootConfiguration, you need to use @ContextConfiguration or @SpringBootTest(classes=...) with your test

